----------------------------- xHarbour Error Log ------------------------------

Date...............: 02/14/15
Time...............: 16:44:27

Application name...: C:\FWH11\EDITOR\xEditW.exe
Workstation name...: HP_A6010LA
Available memory...: 800156
Current disk.......: C
Current directory..: FWH11\SIGLO2\FUENTES
Free disk space....: 63682613248

Operating system...: Windows  XP Professional 5.01.2600 Service Pack 3
xHarbour version...: xHarbour build 1.2.1 Intl. (SimpLex) (Rev. 6619)
xHarbour built on..: Oct  6 2009 18:34:15
C/C++ compiler.....: XCC ISO C Compiler 2.70
Multi Threading....: NO
VM Optimization....: 1

-------------------------- Environmental Information --------------------------

SET ALTERNATE......: OFF
SET ALTFILE........: 
SET AUTOPEN........: ON
SET AUTORDER.......: 0
SET AUTOSHARE......: 0
SET BACKGROUNDTASKS: OFF
SET BACKGROUNDTICK.: 1000
SET BELL...........: OFF
SET BLINK..........: .T.
SET CANCEL.........: ON
SET CENTURY........: OFF
SET COLOR..........: W/N,N/W,N/N,N/N,N/W
SET CONFIRM........: OFF
SET CONSOLE........: ON
SET COUNT..........: 0
SET CURSOR.........: 1
SET DATE FORMAT....: MM/DD/YY
SET DBFLOCKSCHEME..: 0
SET DEBUG..........: OFF
SET DECIMALS.......: 2
SET DEFAULT........: 
SET DEFEXTENSIONS..: ON
SET DELETED........: OFF
SET DELIMCHARS.....: ::
SET DELIMETERS.....: OFF
SET DEVICE.........: SCREEN
SET DIRCASE........: 0
SET DIRSEPARATOR...: \
SET EOL............: 13
SET EPOCH..........: 1900
SET ERRORLOG.......: ERROR.LOG,.F.
SET ERRORLOOP......: 8
SET ESCAPE.........: ON
SET EVENTMASK......: 128
SET EXACT..........: OFF
SET EXCLUSIVE......: ON
SET EXIT...........: OFF
SET EXTRA..........: OFF
SET EXTRAFILE......: 
SET FILECASE.......: 0
SET FIXED..........: OFF
SET FORCEOPT.......: OFF
SET HARDCOMMIT.....: ON
SET IDLEREPEAT.....: ON
SET INSERT.........: OFF
SET INTENSITY......: ON
SET LANGUAGE.......: EN
SET MARGIN.........: 0
SET MBLOCKSIZE.....: 0
SET MCENTER........: OFF
SET MESSAGE........: 0
SET MFILEEXT.......: 
SET OPTIMIZE.......: ON
SET OUTPUTSAFETY...: ON
SET PATH...........: 
SET PRINTER........: OFF
SET PRINTERJOB.....: 
SET PRINTFILE......: PRN
SET SCOREBOARD.....: ON
SET SCROLLBREAK....: ON
SET SOFTSEEK.......: OFF
SET STRICTREAD.....: OFF
SET TRACE..........: ON
SET TRACEFILE......: TRACE.LOG
SET TRACESTACK.....: 2
SET TRIMFILENAME...: .F.
SET TYPEAHEAD......: 50
SET UNIQUE.........: OFF
SET VIDEOMODE......: 0
SET WRAP...........: OFF

---------------------------Detailed Work Area Items----------------------------


-------------------- Internal Error Handling Information  ---------------------

Subsystem Call ....: BASE
System Code .......: 1068
Default Status ....: .F.
Description .......: Argument error
Operation .........: array access
Arguments .........:  [ 1] = Type: U [ 2] = Type: N Val:          3
Involved File .....: 
Dos Error Code ....: 0

 Trace Through:
----------------
EDITOR:GOBASELINE     :   8,258 in Module: ..\xeditlib.prg
EDITOR:EDIT           :   9,281 in Module: ..\xeditlib.prg
MAIN                  :      55 in Module: ..\..\xedit.prg


############################## Video Screen Dump ##############################

+--------------------------------------------------------------------------------+
|                                                                                |
|Error BASE/1068  Argument error: array access Arguments: ( [ 1] = Type: U [ 2] =|
| Type: N Val:          3)                                                       |
|                                                                                |
|Error at ...: EDITOR:GOBASELINE(8258) in Module: ..\xeditlib.prg                |
|Called from : EDITOR:EDIT(9281) in Module: ..\xeditlib.prg                      |
|Called from : MAIN(55) in Module: ..\..\xedit.prg                               |
|                                                                                |
|                                                                                |
|                                                                                |
|                                                                                |
|                                                                                |
|                                                                                |
|                                                                                |
|                                                                                |
|                                                                                |
|                                                                                |
|                                                                                |
|                                                                                |
|                                                                                |
|                                                                                |
|                                                                                |
|                                                                                |
|                                                                                |
+--------------------------------------------------------------------------------+


